{"uid":"34e159fc6604de05","name":"Create a new lead","historyId":"235aba653b0394f2044ef0d3fa7cfebc","time":{"start":1734944166232,"stop":1734944188996,"duration":22764},"description":"","status":"failed","statusMessage":"Multiple Failures (2 failures)\n\torg.openqa.selenium.TimeoutException: Expected condition failed: waiting for element to be clickable: By.xpath: //div[@class='slds-icon-waffle'] (tried for 20 second(s) with 500 milliseconds interval)\nBuild info: version: '4.26.0', revision: '8ccf0219d7'\nSystem info: os.name: 'Mac OS X', os.arch: 'aarch64', os.version: '13.2.1', java.version: '23.0.1'\nDriver info: org.openqa.selenium.chrome.ChromeDriver\nCapabilities {acceptInsecureCerts: false, browserName: chrome, browserVersion: 131.0.6778.205, chrome: {chromedriverVersion: 131.0.6778.204 (52183f9e99a..., userDataDir: /var/folders/d_/lwlf26_d12z...}, fedcm:accounts: true, goog:chromeOptions: {debuggerAddress: localhost:62649}, networkConnectionEnabled: false, pageLoadStrategy: normal, platformName: mac, proxy: Proxy(), se:cdp: ws://localhost:62649/devtoo..., se:cdpVersion: 131.0.6778.205, setWindowRect: true, strictFileInteractability: false, timeouts: {implicit: 0, pageLoad: 300000, script: 30000}, unhandledPromptBehavior: dismiss and notify, webauthn:extension:credBlob: true, webauthn:extension:largeBlob: true, webauthn:extension:minPinLength: true, webauthn:extension:prf: true, webauthn:virtualAuthenticators: true}\nSession ID: f4eddbf4eaf6a88c0d396e31b7bac794\n\tjava.lang.RuntimeException: Triggering retry for scenario: Create a new lead","statusTrace":"org.opentest4j.MultipleFailuresError: Multiple Failures (2 failures)\n\torg.openqa.selenium.TimeoutException: Expected condition failed: waiting for element to be clickable: By.xpath: //div[@class='slds-icon-waffle'] (tried for 20 second(s) with 500 milliseconds interval)\nBuild info: version: '4.26.0', revision: '8ccf0219d7'\nSystem info: os.name: 'Mac OS X', os.arch: 'aarch64', os.version: '13.2.1', java.version: '23.0.1'\nDriver info: org.openqa.selenium.chrome.ChromeDriver\nCapabilities {acceptInsecureCerts: false, browserName: chrome, browserVersion: 131.0.6778.205, chrome: {chromedriverVersion: 131.0.6778.204 (52183f9e99a..., userDataDir: /var/folders/d_/lwlf26_d12z...}, fedcm:accounts: true, goog:chromeOptions: {debuggerAddress: localhost:62649}, networkConnectionEnabled: false, pageLoadStrategy: normal, platformName: mac, proxy: Proxy(), se:cdp: ws://localhost:62649/devtoo..., se:cdpVersion: 131.0.6778.205, setWindowRect: true, strictFileInteractability: false, timeouts: {implicit: 0, pageLoad: 300000, script: 30000}, unhandledPromptBehavior: dismiss and notify, webauthn:extension:credBlob: true, webauthn:extension:largeBlob: true, webauthn:extension:minPinLength: true, webauthn:extension:prf: true, webauthn:virtualAuthenticators: true}\nSession ID: f4eddbf4eaf6a88c0d396e31b7bac794\n\tjava.lang.RuntimeException: Triggering retry for scenario: Create a new lead\n\tat org.junit.vintage.engine.execution.TestRun.getStoredResultOrSuccessful(TestRun.java:196)\n\tat org.junit.vintage.engine.execution.RunListenerAdapter.fireExecutionFinished(RunListenerAdapter.java:226)\n\tat org.junit.vintage.engine.execution.RunListenerAdapter.testFinished(RunListenerAdapter.java:192)\n\tat org.junit.vintage.engine.execution.RunListenerAdapter.testFinished(RunListenerAdapter.java:79)\n\tat org.junit.runner.notification.SynchronizedRunListener.testFinished(SynchronizedRunListener.java:87)\n\tat org.junit.runner.notification.RunNotifier$9.notifyListener(RunNotifier.java:225)\n\tat org.junit.runner.notification.RunNotifier$SafeNotifier.run(RunNotifier.java:72)\n\tat org.junit.runner.notification.RunNotifier.fireTestFinished(RunNotifier.java:222)\n\tat io.cucumber.junit.FeatureRunner.runChild(FeatureRunner.java:150)\n\tat io.cucumber.junit.FeatureRunner.runChild(FeatureRunner.java:28)\n\tat org.junit.runners.ParentRunner$4.run(ParentRunner.java:331)\n\tat org.junit.runners.ParentRunner$1.schedule(ParentRunner.java:79)\n\tat org.junit.runners.ParentRunner.runChildren(ParentRunner.java:329)\n\tat org.junit.runners.ParentRunner.access$100(ParentRunner.java:66)\n\tat org.junit.runners.ParentRunner$2.evaluate(ParentRunner.java:293)\n\tat org.junit.runners.ParentRunner$3.evaluate(ParentRunner.java:306)\n\tat org.junit.runners.ParentRunner.run(ParentRunner.java:413)\n\tat io.cucumber.junit.FeatureRunner.run(FeatureRunner.java:137)\n\tat io.cucumber.junit.Cucumber.runChild(Cucumber.java:199)\n\tat io.cucumber.junit.Cucumber.runChild(Cucumber.java:89)\n\tat org.junit.runners.ParentRunner$4.run(ParentRunner.java:331)\n\tat org.junit.runners.ParentRunner$1.schedule(ParentRunner.java:79)\n\tat org.junit.runners.ParentRunner.runChildren(ParentRunner.java:329)\n\tat org.junit.runners.ParentRunner.access$100(ParentRunner.java:66)\n\tat org.junit.runners.ParentRunner$2.evaluate(ParentRunner.java:293)\n\tat io.cucumber.core.runtime.CucumberExecutionContext.lambda$runFeatures$6(CucumberExecutionContext.java:147)\n\tat io.cucumber.core.runtime.CucumberExecutionContext.execute(CucumberExecutionContext.java:162)\n\tat io.cucumber.core.runtime.CucumberExecutionContext.runFeatures(CucumberExecutionContext.java:145)\n\tat io.cucumber.junit.Cucumber$StartAndFinishTestRun.evaluate(Cucumber.java:229)\n\tat org.junit.runners.ParentRunner$3.evaluate(ParentRunner.java:306)\n\tat org.junit.runners.ParentRunner.run(ParentRunner.java:413)\n\tat org.junit.runner.JUnitCore.run(JUnitCore.java:137)\n\tat org.junit.runner.JUnitCore.run(JUnitCore.java:115)\n\tat org.junit.vintage.engine.execution.RunnerExecutor.execute(RunnerExecutor.java:42)\n\tat org.junit.vintage.engine.VintageTestEngine.executeAllChildren(VintageTestEngine.java:80)\n\tat org.junit.vintage.engine.VintageTestEngine.execute(VintageTestEngine.java:72)\n\tat org.junit.platform.launcher.core.EngineExecutionOrchestrator.execute(EngineExecutionOrchestrator.java:107)\n\tat org.junit.platform.launcher.core.EngineExecutionOrchestrator.execute(EngineExecutionOrchestrator.java:88)\n\tat org.junit.platform.launcher.core.EngineExecutionOrchestrator.lambda$execute$0(EngineExecutionOrchestrator.java:54)\n\tat org.junit.platform.launcher.core.EngineExecutionOrchestrator.withInterceptedStreams(EngineExecutionOrchestrator.java:67)\n\tat org.junit.platform.launcher.core.EngineExecutionOrchestrator.execute(EngineExecutionOrchestrator.java:52)\n\tat org.junit.platform.launcher.core.DefaultLauncher.execute(DefaultLauncher.java:114)\n\tat org.junit.platform.launcher.core.DefaultLauncher.execute(DefaultLauncher.java:86)\n\tat org.junit.platform.launcher.core.DefaultLauncherSession$DelegatingLauncher.execute(DefaultLauncherSession.java:86)\n\tat org.apache.maven.surefire.junitplatform.LazyLauncher.execute(LazyLauncher.java:56)\n\tat org.apache.maven.surefire.junitplatform.JUnitPlatformProvider.execute(JUnitPlatformProvider.java:184)\n\tat org.apache.maven.surefire.junitplatform.JUnitPlatformProvider.invokeAllTests(JUnitPlatformProvider.java:148)\n\tat org.apache.maven.surefire.junitplatform.JUnitPlatformProvider.invoke(JUnitPlatformProvider.java:122)\n\tat org.apache.maven.surefire.booter.ForkedBooter.runSuitesInProcess(ForkedBooter.java:385)\n\tat org.apache.maven.surefire.booter.ForkedBooter.execute(ForkedBooter.java:162)\n\tat org.apache.maven.surefire.booter.ForkedBooter.run(ForkedBooter.java:507)\n\tat org.apache.maven.surefire.booter.ForkedBooter.main(ForkedBooter.java:495)\n\tSuppressed: org.openqa.selenium.TimeoutException: Expected condition failed: waiting for element to be clickable: By.xpath: //div[@class='slds-icon-waffle'] (tried for 20 second(s) with 500 milliseconds interval)\nBuild info: version: '4.26.0', revision: '8ccf0219d7'\nSystem info: os.name: 'Mac OS X', os.arch: 'aarch64', os.version: '13.2.1', java.version: '23.0.1'\nDriver info: org.openqa.selenium.chrome.ChromeDriver\nCapabilities {acceptInsecureCerts: false, browserName: chrome, browserVersion: 131.0.6778.205, chrome: {chromedriverVersion: 131.0.6778.204 (52183f9e99a..., userDataDir: /var/folders/d_/lwlf26_d12z...}, fedcm:accounts: true, goog:chromeOptions: {debuggerAddress: localhost:62649}, networkConnectionEnabled: false, pageLoadStrategy: normal, platformName: mac, proxy: Proxy(), se:cdp: ws://localhost:62649/devtoo..., se:cdpVersion: 131.0.6778.205, setWindowRect: true, strictFileInteractability: false, timeouts: {implicit: 0, pageLoad: 300000, script: 30000}, unhandledPromptBehavior: dismiss and notify, webauthn:extension:credBlob: true, webauthn:extension:largeBlob: true, webauthn:extension:minPinLength: true, webauthn:extension:prf: true, webauthn:virtualAuthenticators: true}\nSession ID: f4eddbf4eaf6a88c0d396e31b7bac794\n\t\tat org.openqa.selenium.support.ui.WebDriverWait.timeoutException(WebDriverWait.java:84)\n\t\tat org.openqa.selenium.support.ui.FluentWait.until(FluentWait.java:228)\n\t\tat org.example.modules.pages.LeadPage.navigateToLeads(LeadPage.java:39)\n\t\tat org.example.stepDefinitions.LeadSteps.userNavigatesToLeadsPage(LeadSteps.java:16)\n\t\tat âœ½.User navigates to the Leads page(file:///Users/harshwardhan/IdeaProjects/LeadTest-Cucumber/src/test/resources/features/Lead.feature:5)\n\tSuppressed: java.lang.RuntimeException: Triggering retry for scenario: Create a new lead\n\t\tat org.example.framework.RetryHook.afterScenario(RetryHook.java:24)\n","flaky":false,"newFailed":false,"newBroken":false,"newPassed":false,"retriesCount":0,"retriesStatusChange":false,"beforeStages":[],"afterStages":[],"labels":[{"name":"junit.platform.uniqueid","value":"[engine:junit-vintage]/[runner:org.example.TestRunner]/[test:rO0ABXNyAClpby5jdWN1bWJlci5qdW5pdC5GZWF0dXJlUnVubmVyJEZlYXR1cmVJZAAAAAAAAAABAgABTAADdXJpdAAOTGphdmEvbmV0L1VSSTt4cHNyAAxqYXZhLm5ldC5VUkmsAXguQ55JqwMAAUwABnN0cmluZ3QAEkxqYXZhL2xhbmcvU3RyaW5nO3hwdABiZmlsZTovLy9Vc2Vycy9oYXJzaHdhcmRoYW4vSWRlYVByb2plY3RzL0xlYWRUZXN0LUN1Y3VtYmVyL3NyYy90ZXN0L3Jlc291cmNlcy9mZWF0dXJlcy9MZWFkLmZlYXR1cmV4]/[test:rO0ABXNyAChpby5jdWN1bWJlci5qdW5pdC5QaWNrbGVSdW5uZXJzJFBpY2tsZUlkAAAAAAAAAAECAAJJAApwaWNrbGVMaW5lTAADdXJpdAAOTGphdmEvbmV0L1VSSTt4cAAAAARzcgAMamF2YS5uZXQuVVJJrAF4LkOeSasDAAFMAAZzdHJpbmd0ABJMamF2YS9sYW5nL1N0cmluZzt4cHQAYmZpbGU6Ly8vVXNlcnMvaGFyc2h3YXJkaGFuL0lkZWFQcm9qZWN0cy9MZWFkVGVzdC1DdWN1bWJlci9zcmMvdGVzdC9yZXNvdXJjZXMvZmVhdHVyZXMvTGVhZC5mZWF0dXJleA==]"},{"name":"host","value":"CKMAC187.local"},{"name":"thread","value":"32381@CKMAC187.local.main(1)"},{"name":"framework","value":"junit-platform"},{"name":"language","value":"java"},{"name":"resultFormat","value":"allure2"}],"parameters":[],"links":[],"hidden":true,"retry":true,"extra":{"categories":[],"tags":[]},"source":"34e159fc6604de05.json","parameterValues":[]}