{"uid":"658ee39f96235013","name":"tearDown","fullName":"org.example.AppTest.tearDown","historyId":"1faaa92f9c7bdd5da326e0fe38e149aa","time":{"start":1732092724217,"stop":1732092724218,"duration":1},"status":"broken","statusMessage":"Timed out waiting for driver server to stop.\nBuild info: version: '4.26.0', revision: '8ccf0219d7'\nSystem info: os.name: 'Mac OS X', os.arch: 'aarch64', os.version: '13.2.1', java.version: '17.0.12'\nDriver info: org.openqa.selenium.chrome.ChromeDriver\nCommand: [561eb4af2a7157105603ea54f81f9b1d, quit {}]\nCapabilities {acceptInsecureCerts: false, browserName: chrome, browserVersion: 131.0.6778.70, chrome: {chromedriverVersion: 131.0.6778.69 (77e2244bbcda..., userDataDir: /var/folders/gb/ynpwt2zj2x7...}, fedcm:accounts: true, goog:chromeOptions: {debuggerAddress: localhost:64586}, networkConnectionEnabled: false, pageLoadStrategy: normal, platformName: mac, proxy: Proxy(), se:cdp: ws://localhost:64586/devtoo..., se:cdpVersion: 131.0.6778.70, setWindowRect: true, strictFileInteractability: false, timeouts: {implicit: 0, pageLoad: 300000, script: 30000}, unhandledPromptBehavior: dismiss and notify, webauthn:extension:credBlob: true, webauthn:extension:largeBlob: true, webauthn:extension:minPinLength: true, webauthn:extension:prf: true, webauthn:virtualAuthenticators: true}\nSession ID: 561eb4af2a7157105603ea54f81f9b1d","statusTrace":"org.openqa.selenium.WebDriverException: Timed out waiting for driver server to stop.\nBuild info: version: '4.26.0', revision: '8ccf0219d7'\nSystem info: os.name: 'Mac OS X', os.arch: 'aarch64', os.version: '13.2.1', java.version: '17.0.12'\nDriver info: org.openqa.selenium.chrome.ChromeDriver\nCommand: [561eb4af2a7157105603ea54f81f9b1d, quit {}]\nCapabilities {acceptInsecureCerts: false, browserName: chrome, browserVersion: 131.0.6778.70, chrome: {chromedriverVersion: 131.0.6778.69 (77e2244bbcda..., userDataDir: /var/folders/gb/ynpwt2zj2x7...}, fedcm:accounts: true, goog:chromeOptions: {debuggerAddress: localhost:64586}, networkConnectionEnabled: false, pageLoadStrategy: normal, platformName: mac, proxy: Proxy(), se:cdp: ws://localhost:64586/devtoo..., se:cdpVersion: 131.0.6778.70, setWindowRect: true, strictFileInteractability: false, timeouts: {implicit: 0, pageLoad: 300000, script: 30000}, unhandledPromptBehavior: dismiss and notify, webauthn:extension:credBlob: true, webauthn:extension:largeBlob: true, webauthn:extension:minPinLength: true, webauthn:extension:prf: true, webauthn:virtualAuthenticators: true}\nSession ID: 561eb4af2a7157105603ea54f81f9b1d\n\tat org.openqa.selenium.remote.service.DriverCommandExecutor.execute(DriverCommandExecutor.java:164)\n\tat org.openqa.selenium.remote.RemoteWebDriver.execute(RemoteWebDriver.java:545)\n\tat org.openqa.selenium.remote.RemoteWebDriver.execute(RemoteWebDriver.java:618)\n\tat org.openqa.selenium.remote.RemoteWebDriver.execute(RemoteWebDriver.java:622)\n\tat org.openqa.selenium.remote.RemoteWebDriver.quit(RemoteWebDriver.java:446)\n\tat org.openqa.selenium.chromium.ChromiumDriver.quit(ChromiumDriver.java:436)\n\tat org.example.framework.TestAutomationFramework.closeBrowser(TestAutomationFramework.java:32)\n\tat org.example.AppTest.tearDown(AppTest.java:42)\n\tat java.base/jdk.internal.reflect.NativeMethodAccessorImpl.invoke0(Native Method)\n\tat java.base/jdk.internal.reflect.NativeMethodAccessorImpl.invoke(NativeMethodAccessorImpl.java:77)\n\tat java.base/jdk.internal.reflect.DelegatingMethodAccessorImpl.invoke(DelegatingMethodAccessorImpl.java:43)\n\tat java.base/java.lang.reflect.Method.invoke(Method.java:568)\n\tat org.testng.internal.MethodInvocationHelper.invokeMethod(MethodInvocationHelper.java:124)\n\tat org.testng.internal.MethodInvocationHelper.invokeMethodConsideringTimeout(MethodInvocationHelper.java:59)\n\tat org.testng.internal.Invoker.invokeConfigurationMethod(Invoker.java:458)\n\tat org.testng.internal.Invoker.invokeConfigurations(Invoker.java:222)\n\tat org.testng.internal.Invoker.invokeMethod(Invoker.java:646)\n\tat org.testng.internal.Invoker.invokeTestMethod(Invoker.java:719)\n\tat org.testng.internal.Invoker.invokeTestMethods(Invoker.java:989)\n\tat org.testng.internal.TestMethodWorker.invokeTestMethods(TestMethodWorker.java:125)\n\tat org.testng.internal.TestMethodWorker.run(TestMethodWorker.java:109)\n\tat java.base/java.util.concurrent.ThreadPoolExecutor.runWorker(ThreadPoolExecutor.java:1136)\n\tat java.base/java.util.concurrent.ThreadPoolExecutor$Worker.run(ThreadPoolExecutor.java:635)\n\tat java.base/java.lang.Thread.run(Thread.java:842)\nCaused by: java.util.concurrent.ExecutionException: java.util.concurrent.RejectedExecutionException: Task java.util.concurrent.FutureTask@59052f27[Not completed, task = java.util.concurrent.Executors$RunnableAdapter@1838251c[Wrapped task = org.openqa.selenium.remote.http.jdk.JdkHttpClient$$Lambda$425/0x00000070011ff8b8@1c07a2c3]] rejected from java.util.concurrent.ThreadPoolExecutor@31dfc7e5[Terminated, pool size = 0, active threads = 0, queued tasks = 0, completed tasks = 180]\n\tat java.base/java.util.concurrent.CompletableFuture.reportGet(CompletableFuture.java:396)\n\tat java.base/java.util.concurrent.CompletableFuture.get(CompletableFuture.java:2096)\n\tat org.openqa.selenium.remote.service.DriverCommandExecutor.execute(DriverCommandExecutor.java:160)\n\t... 23 more\nCaused by: java.util.concurrent.RejectedExecutionException: Task java.util.concurrent.FutureTask@59052f27[Not completed, task = java.util.concurrent.Executors$RunnableAdapter@1838251c[Wrapped task = org.openqa.selenium.remote.http.jdk.JdkHttpClient$$Lambda$425/0x00000070011ff8b8@1c07a2c3]] rejected from java.util.concurrent.ThreadPoolExecutor@31dfc7e5[Terminated, pool size = 0, active threads = 0, queued tasks = 0, completed tasks = 180]\n\tat java.base/java.util.concurrent.ThreadPoolExecutor$AbortPolicy.rejectedExecution(ThreadPoolExecutor.java:2065)\n\tat java.base/java.util.concurrent.ThreadPoolExecutor.reject(ThreadPoolExecutor.java:833)\n\tat java.base/java.util.concurrent.ThreadPoolExecutor.execute(ThreadPoolExecutor.java:1365)\n\tat java.base/java.util.concurrent.AbstractExecutorService.submit(AbstractExecutorService.java:123)\n\tat org.openqa.selenium.remote.http.jdk.JdkHttpClient.executeAsync(JdkHttpClient.java:380)\n\tat org.openqa.selenium.remote.http.jdk.JdkHttpClient.execute(JdkHttpClient.java:412)\n\tat org.openqa.selenium.remote.HttpCommandExecutor.execute(HttpCommandExecutor.java:187)\n\tat org.openqa.selenium.remote.service.DriverCommandExecutor.invokeExecute(DriverCommandExecutor.java:216)\n\tat org.openqa.selenium.remote.service.DriverCommandExecutor.lambda$execute$1(DriverCommandExecutor.java:126)\n\tat java.base/java.util.concurrent.CompletableFuture$AsyncSupply.run(CompletableFuture.java:1768)\n\t... 3 more\n","flaky":false,"newFailed":false,"newBroken":false,"newPassed":false,"retriesCount":2,"retriesStatusChange":false,"beforeStages":[{"name":"displayS","time":{"start":1732092713133,"stop":1732092713136,"duration":3},"description":"","status":"passed","steps":[],"attachments":[],"parameters":[],"stepsCount":0,"hasContent":false,"shouldDisplayMessage":false,"attachmentsCount":0,"attachmentStep":false}],"afterStages":[],"labels":[{"name":"package","value":"org.example.AppTest"},{"name":"testClass","value":"org.example.AppTest"},{"name":"testMethod","value":"tearDown"},{"name":"parentSuite","value":"Example Test Suite"},{"name":"suite","value":"AppTest Execution"},{"name":"subSuite","value":"org.example.AppTest"},{"name":"host","value":"CKMAC187.local"},{"name":"thread","value":"56948@CKMAC187.local.TestNG-test=AppTest Execution-2(16)"},{"name":"framework","value":"testng"},{"name":"language","value":"java"},{"name":"AS_ID","value":"-1"},{"name":"resultFormat","value":"allure2"}],"parameters":[],"links":[],"hidden":false,"retry":false,"extra":{"severity":"normal","retries":[{"uid":"3d36fec4b1bf41a3","status":"broken","statusDetails":"Cannot invoke \"java.lang.Integer.intValue()\" because the return value of \"org.openqa.selenium.remote.Response.getStatus()\" is null","time":{"start":1732091950898,"stop":1732091950898,"duration":0}},{"uid":"debe290044089829","status":"broken","statusDetails":"java.io.IOException: Output closed\nBuild info: version: '4.26.0', revision: '8ccf0219d7'\nSystem info: os.name: 'Mac OS X', os.arch: 'aarch64', os.version: '13.2.1', java.version: '17.0.12'\nDriver info: driver.version: ChromiumDriver","time":{"start":1732091950782,"stop":1732091950787,"duration":5}}],"categories":[{"name":"Test defects","matchedStatuses":[],"flaky":false}],"tags":[]},"source":"658ee39f96235013.json","parameterValues":[]}